[debug] [2024-11-18T01:51:15.355Z] ----------------------------------------------------------------------
[debug] [2024-11-18T01:51:15.358Z] Command:       C:\Program Files\nodejs\node.exe C:\Users\student\AppData\Roaming\npm\node_modules\firebase-tools\lib\bin\firebase.js init
[debug] [2024-11-18T01:51:15.358Z] CLI Version:   13.25.0
[debug] [2024-11-18T01:51:15.358Z] Platform:      win32
[debug] [2024-11-18T01:51:15.358Z] Node Version:  v20.9.0
[debug] [2024-11-18T01:51:15.358Z] Time:          Mon Nov 18 2024 10:51:15 GMT+0900 (日本標準時)
[debug] [2024-11-18T01:51:15.358Z] ----------------------------------------------------------------------
[debug] 
[debug] [2024-11-18T01:51:15.365Z] > command requires scopes: ["email","openid","https://www.googleapis.com/auth/cloudplatformprojects.readonly","https://www.googleapis.com/auth/firebase","https://www.googleapis.com/auth/cloud-platform"]
[debug] [2024-11-18T01:51:15.365Z] > authorizing via signed-in user (hlegen123@gmail.com)
[info] 
     ######## #### ########  ######## ########     ###     ######  ########
     ##        ##  ##     ## ##       ##     ##  ##   ##  ##       ##
     ######    ##  ########  ######   ########  #########  ######  ######
     ##        ##  ##    ##  ##       ##     ## ##     ##       ## ##
     ##       #### ##     ## ######## ########  ##     ##  ######  ########

You're about to initialize a Firebase project in this directory:

  C:\Users\student\my-app1

[debug] [2024-11-18T01:51:26.833Z] ----------------------------------------------------------------------
[debug] [2024-11-18T01:51:26.835Z] Command:       C:\Program Files\nodejs\node.exe C:\Users\student\AppData\Roaming\npm\node_modules\firebase-tools\lib\bin\firebase.js init
[debug] [2024-11-18T01:51:26.836Z] CLI Version:   13.25.0
[debug] [2024-11-18T01:51:26.836Z] Platform:      win32
[debug] [2024-11-18T01:51:26.836Z] Node Version:  v20.9.0
[debug] [2024-11-18T01:51:26.836Z] Time:          Mon Nov 18 2024 10:51:26 GMT+0900 (日本標準時)
[debug] [2024-11-18T01:51:26.836Z] ----------------------------------------------------------------------
[debug] 
[debug] [2024-11-18T01:51:26.842Z] > command requires scopes: ["email","openid","https://www.googleapis.com/auth/cloudplatformprojects.readonly","https://www.googleapis.com/auth/firebase","https://www.googleapis.com/auth/cloud-platform"]
[debug] [2024-11-18T01:51:26.843Z] > authorizing via signed-in user (hlegen123@gmail.com)
[info] 
     ######## #### ########  ######## ########     ###     ######  ########
     ##        ##  ##     ## ##       ##     ##  ##   ##  ##       ##
     ######    ##  ########  ######   ########  #########  ######  ######
     ##        ##  ##    ##  ##       ##     ## ##     ##       ## ##
     ##       #### ##     ## ######## ########  ##     ##  ######  ########

You're about to initialize a Firebase project in this directory:

  C:\Users\student\my-app1

